<test-run id="2" testcasecount="0" result="Passed" start-time="2023-03-12 10:02:53.089757" end-time="2023-03-12 10:02:53.109954" duration="0" total="0" passed="0" failed="0" inconclusive="0" skipped="0" asserts="0" clr-version="3.9.13 (tags/v3.9.13:6de2ca5, May 17 2022, 16:36:42) [MSC v.1929 64 bit (AMD64)]" engine-version="3.6.2"><command-line>c:\Users\nipun\.vscode\extensions\ms-python.python-2023.2.0\pythonFiles\testing_tools\run_adapter.py discover pytest -- --rootdir c:\MyData\GithubProjects\demo-python -s --cache-clear</command-line><filter /><test-suite id="src/test_first.py" name="src/test_first.py" fullname="src/test_first.py" methodname="" classname="" runstate="Runnable" type="Assembly" testcasecount="0" result="Passed" label="" start-time="0001-01-01 00:00:00.000000" end-time="0001-01-01 00:00:00.000000" duration="0.0" asserts="0" total="0" passed="0" failed="0" warnings="0" inconclusive="0" skipped="0"><properties><property name="python_version" value="3.9.13 (tags/v3.9.13:6de2ca5, May 17 2022, 16:36:42) [MSC v.1929 64 bit (AMD64)]" /></properties><environment framework-version="3.6.2" clr-version="3.9.13 (tags/v3.9.13:6de2ca5, May 17 2022, 16:36:42) [MSC v.1929 64 bit (AMD64)]" os-version="10" platform="Windows" cwd="c:\MyData\GithubProjects\demo-python" machine-name="AMD64" user="" user-domain="" culture="en_NL" uiculture="en_NL" os-architecture="64bit" /></test-suite></test-run>